#
# There is insufficient memory for the Java Runtime Environment to continue.
# Native memory allocation (mmap) failed to map 123731968 bytes for Failed to commit area from 0x000000008a000000 to 0x0000000091600000 of length 123731968.
# Possible reasons:
#   The system is out of physical RAM or swap space
#   The process is running with CompressedOops enabled, and the Java Heap may be blocking the growth of the native heap
# Possible solutions:
#   Reduce memory load on the system
#   Increase physical memory or swap space
#   Check if swap backing store is full
#   Decrease Java heap size (-Xmx/-Xms)
#   Decrease number of Java threads
#   Decrease Java thread stack sizes (-Xss)
#   Set larger code cache with -XX:ReservedCodeCacheSize=
#   JVM is running with Unscaled Compressed Oops mode in which the Java heap is
#     placed in the first 4GB address space. The Java Heap base address is the
#     maximum limit for the native heap growth. Please use -XX:HeapBaseMinAddress
#     to set the Java Heap base and to place the Java Heap above 4GB virtual address.
# This output file may be truncated or incomplete.
#
#  Out of Memory Error (./src/hotspot/os/windows/os_windows.cpp:3315), pid=22600, tid=27300
#
# JRE version:  (14.0.2+12) (build )
# Java VM: OpenJDK 64-Bit Server VM (14.0.2+12, mixed mode, sharing, tiered, compressed oops, g1 gc, windows-amd64)
# No core dump will be written. Minidumps are not enabled by default on client versions of Windows
#

---------------  S U M M A R Y ------------

Command Line: -Dfile.encoding=Cp1252 --module-path=C:\Users\alvar\Downloads\mysql-connector-java-8.0.30.jar -XX:+ShowCodeDetailsInExceptionMessages Swing.mainSwing

Host: AMD Ryzen 7 4700U with Radeon Graphics         , 8 cores, 7G,  Windows 10 , 64 bit Build 19041 (10.0.19041.1889)
Time: Wed Oct  5 12:44:32 2022 Hora de verano romance elapsed time: 0 seconds (0d 0h 0m 0s)

---------------  T H R E A D  ---------------

Current thread (0x00000210e455c800):  JavaThread "Unknown thread" [_thread_in_vm, id=27300, stack(0x000000c02e100000,0x000000c02e200000)]

Stack: [0x000000c02e100000,0x000000c02e200000]
Native frames: (J=compiled Java code, j=interpreted, Vv=VM code, C=native code)
V  [jvm.dll+0x5fd64a]
V  [jvm.dll+0x79782a]
V  [jvm.dll+0x798fdf]
V  [jvm.dll+0x799623]
V  [jvm.dll+0x20f108]
V  [jvm.dll+0x5fa99a]
V  [jvm.dll+0x5ef7f5]
V  [jvm.dll+0x2ca89c]
V  [jvm.dll+0x2ca6d2]
V  [jvm.dll+0x2d05bc]
V  [jvm.dll+0x316b28]
V  [jvm.dll+0x316250]
V  [jvm.dll+0x2a32aa]
V  [jvm.dll+0x2a43f9]
V  [jvm.dll+0x774f08]
V  [jvm.dll+0x324754]
V  [jvm.dll+0x7563dc]
V  [jvm.dll+0x39599f]
V  [jvm.dll+0x397bd1]
C  [jli.dll+0x2f53]
C  [ucrtbase.dll+0x21bb2]
C  [KERNEL32.DLL+0x17034]
C  [ntdll.dll+0x52651]


---------------  P R O C E S S  ---------------

Threads class SMR info:
_java_thread_list=0x00007ffdbefc45f8, length=0, elements={
}

Java Threads: ( => current thread )

Other Threads:
  0x00000210e459b000 GCTaskThread "GC Thread#0" [stack: 0x000000c02e200000,0x000000c02e300000] [id=24080]
  0x00000210e45ac800 ConcurrentGCThread "G1 Main Marker" [stack: 0x000000c02e300000,0x000000c02e400000] [id=22440]
  0x00000210e45ae800 ConcurrentGCThread "G1 Conc#0" [stack: 0x000000c02e400000,0x000000c02e500000] [id=21864]

[error occurred during error reporting (printing all threads), id 0xc0000005, EXCEPTION_ACCESS_VIOLATION (0xc0000005) at pc=0x00007ffdbe783bd7]

VM state:not at safepoint (not fully initialized)

VM Mutex/Monitor currently owned by a thread:  ([mutex/lock_event])
[0x00000210e4558ef0] Heap_lock - owner thread: 0x00000210e455c800

Heap address: 0x000000008a000000, size: 1888 MB, Compressed Oops mode: 32-bit
Narrow klass base: 0x0000000000000000, Narrow klass shift: 0

GC Heap History (0 events):
No events

Deoptimization events (0 events):
No events

Classes unloaded (0 events):
No events

Classes redefined (0 events):
No events

Internal exceptions (0 events):
No events

Events (2 events):
Event: 0.011 Loaded shared library C:\Program Files\RedHat\java-14-openjdk-14.0.2-1\bin\java.dll
Event: 0.012 Loaded shared library C:\Program Files\RedHat\java-14-openjdk-14.0.2-1\bin\zip.dll


Dynamic libraries:
0x00007ff741530000 - 0x00007ff741592000 	C:\Program Files\RedHat\java-14-openjdk-14.0.2-1\bin\javaw.exe
0x00007ffe13790000 - 0x00007ffe13988000 	C:\Windows\SYSTEM32\ntdll.dll
0x00007ffe12730000 - 0x00007ffe127ed000 	C:\Windows\System32\KERNEL32.DLL
0x00007ffe11220000 - 0x00007ffe114ee000 	C:\Windows\System32\KERNELBASE.dll
0x00007ffe0e6f0000 - 0x00007ffe0e780000 	C:\Windows\SYSTEM32\apphelp.dll
0x00007ffe115f0000 - 0x00007ffe116f0000 	C:\Windows\System32\ucrtbase.dll
0x00007ffe00be0000 - 0x00007ffe00bf5000 	C:\Program Files\RedHat\java-14-openjdk-14.0.2-1\bin\VCRUNTIME140.dll
0x00007ffdfa3a0000 - 0x00007ffdfa3b8000 	C:\Program Files\RedHat\java-14-openjdk-14.0.2-1\bin\jli.dll
0x00007ffe135b0000 - 0x00007ffe13750000 	C:\Windows\System32\USER32.dll
0x00007ffdf7350000 - 0x00007ffdf75ea000 	C:\Windows\WinSxS\amd64_microsoft.windows.common-controls_6595b64144ccf1df_6.0.19041.1110_none_60b5254171f9507e\COMCTL32.dll
0x00007ffe11090000 - 0x00007ffe110b2000 	C:\Windows\System32\win32u.dll
0x00007ffe12b70000 - 0x00007ffe12c0e000 	C:\Windows\System32\msvcrt.dll
0x00007ffe12700000 - 0x00007ffe1272a000 	C:\Windows\System32\GDI32.dll
0x00007ffe10eb0000 - 0x00007ffe10fbb000 	C:\Windows\System32\gdi32full.dll
0x00007ffe10ff0000 - 0x00007ffe1108d000 	C:\Windows\System32\msvcp_win.dll
0x00007ffe120d0000 - 0x00007ffe12100000 	C:\Windows\System32\IMM32.DLL
0x00007ffdbd020000 - 0x00007ffdbd0bb000 	C:\Program Files\RedHat\java-14-openjdk-14.0.2-1\bin\msvcp140.dll
0x00007ffdbe4d0000 - 0x00007ffdbf065000 	C:\Program Files\RedHat\java-14-openjdk-14.0.2-1\bin\server\jvm.dll
0x00007ffe12ab0000 - 0x00007ffe12b5e000 	C:\Windows\System32\ADVAPI32.dll
0x00007ffe13080000 - 0x00007ffe1311c000 	C:\Windows\System32\sechost.dll
0x00007ffe13120000 - 0x00007ffe13245000 	C:\Windows\System32\RPCRT4.dll
0x00007ffe12b60000 - 0x00007ffe12b68000 	C:\Windows\System32\PSAPI.DLL
0x00007ffe01db0000 - 0x00007ffe01db9000 	C:\Windows\SYSTEM32\WSOCK32.dll
0x00007ffe08170000 - 0x00007ffe08197000 	C:\Windows\SYSTEM32\WINMM.dll
0x00007ffe08160000 - 0x00007ffe0816a000 	C:\Windows\SYSTEM32\VERSION.dll
0x00007ffe122e0000 - 0x00007ffe1234b000 	C:\Windows\System32\WS2_32.dll
0x00007ffe0edb0000 - 0x00007ffe0edc2000 	C:\Windows\SYSTEM32\kernel.appcore.dll
0x00007ffe0b510000 - 0x00007ffe0b51a000 	C:\Program Files\RedHat\java-14-openjdk-14.0.2-1\bin\jimage.dll
0x00007ffe049b0000 - 0x00007ffe04b94000 	C:\Windows\SYSTEM32\DBGHELP.DLL
0x00007ffe04980000 - 0x00007ffe049ac000 	C:\Windows\SYSTEM32\dbgcore.DLL
0x00007ffe11560000 - 0x00007ffe115e2000 	C:\Windows\System32\bcryptPrimitives.dll
0x00007ffe0a330000 - 0x00007ffe0a355000 	C:\Program Files\RedHat\java-14-openjdk-14.0.2-1\bin\java.dll
0x00007ffe0a9d0000 - 0x00007ffe0a9e7000 	C:\Program Files\RedHat\java-14-openjdk-14.0.2-1\bin\zip.dll

dbghelp: loaded successfully - version: 4.0.5 - missing functions: none
symbol engine: initialized successfully - sym options: 0x614 - pdb path: .;C:\Program Files\RedHat\java-14-openjdk-14.0.2-1\bin;C:\Windows\SYSTEM32;C:\Windows\WinSxS\amd64_microsoft.windows.common-controls_6595b64144ccf1df_6.0.19041.1110_none_60b5254171f9507e;C:\Program Files\RedHat\java-14-openjdk-14.0.2-1\bin\server

VM Arguments:
jvm_args: -Dfile.encoding=Cp1252 --module-path=C:\Users\alvar\Downloads\mysql-connector-java-8.0.30.jar -XX:+ShowCodeDetailsInExceptionMessages 
java_command: Swing.mainSwing
java_class_path (initial): C:\Users\alvar\eclipse-workspace\Tarea22\target\classes
Launcher Type: SUN_STANDARD

[Global flags]
     intx CICompilerCount                          = 4                                         {product} {ergonomic}
     uint ConcGCThreads                            = 2                                         {product} {ergonomic}
     uint G1ConcRefinementThreads                  = 8                                         {product} {ergonomic}
   size_t G1HeapRegionSize                         = 1048576                                   {product} {ergonomic}
    uintx GCDrainStackTargetSize                   = 64                                        {product} {ergonomic}
   size_t InitialHeapSize                          = 123731968                                 {product} {ergonomic}
   size_t MarkStackSize                            = 4194304                                   {product} {ergonomic}
   size_t MaxHeapSize                              = 1979711488                                {product} {ergonomic}
   size_t MinHeapDeltaBytes                        = 1048576                                   {product} {ergonomic}
   size_t MinHeapSize                              = 8388608                                   {product} {ergonomic}
    uintx NonNMethodCodeHeapSize                   = 5839372                                {pd product} {ergonomic}
    uintx NonProfiledCodeHeapSize                  = 122909434                              {pd product} {ergonomic}
    uintx ProfiledCodeHeapSize                     = 122909434                              {pd product} {ergonomic}
    uintx ReservedCodeCacheSize                    = 251658240                              {pd product} {ergonomic}
     bool SegmentedCodeCache                       = true                                      {product} {ergonomic}
     bool ShowCodeDetailsInExceptionMessages       = true                                   {manageable} {command line}
   size_t SoftMaxHeapSize                          = 1979711488                             {manageable} {ergonomic}
     bool UseCompressedClassPointers               = true                                 {lp64_product} {ergonomic}
     bool UseCompressedOops                        = true                                 {lp64_product} {ergonomic}
     bool UseG1GC                                  = true                                      {product} {ergonomic}
     bool UseLargePagesIndividualAllocation        = false                                  {pd product} {ergonomic}

Logging:
Log output configuration:
 #0: stdout all=warning uptime,level,tags
 #1: stderr all=off uptime,level,tags

Environment Variables:
PATH=C:/Program Files/RedHat/java-14-openjdk-14.0.2-1/bin/server;C:/Program Files/RedHat/java-14-openjdk-14.0.2-1/bin;C:\Program Files\Common Files\Oracle\Java\javapath;C:\Program Files (x86)\Common Files\Oracle\Java\javapath;C:\Windows\system32;C:\Windows;C:\Windows\System32\Wbem;C:\Windows\System32\WindowsPowerShell\v1.0\;C:\Windows\System32\OpenSSH\;C:\Program Files\RedHat\java-14-openjdk-14.0.2-1\bin;C:\Program Files\Git\cmd;C:\Program Files\MySQL\MySQL Shell 8.0\bin\;C:\Users\alvar\AppData\Local\Programs\Python\Python310\Scripts\;C:\Users\alvar\AppData\Local\Programs\Python\Python310\;C:\Users\alvar\AppData\Local\Microsoft\WindowsApps;C:\Users\alvar\AppData\Local\Programs\Microsoft VS Code\bin;C:\Users\alvar\AppData\Local\GitHubDesktop\bin;C:\Users\alvar\AppData\Local\Programs\Python\Python310\Scripts;C:\Users\alvar\AppData\Local\Programs\Python\Python310;C:\Program Files\MATLAB\R2021a\bin;C:\Windows\System32;
USERNAME=alvar
OS=Windows_NT
PROCESSOR_IDENTIFIER=AMD64 Family 23 Model 96 Stepping 1, AuthenticAMD



---------------  S Y S T E M  ---------------

OS: Windows 10 , 64 bit Build 19041 (10.0.19041.1889)
OS uptime: 20 days 21:41 hours

CPU:total 8 (initial active 8) (8 cores per cpu, 1 threads per core) family 23 model 96 stepping 1, cmov, cx8, fxsr, mmx, sse, sse2, sse3, ssse3, sse4.1, sse4.2, popcnt, avx, avx2, aes, clmul, mmxext, 3dnowpref, lzcnt, sse4a, tsc, tscinvbit, tscinv, bmi1, bmi2, adx, sha, fma

Memory: 4k page, system-wide physical 7549M (925M free)
TotalPageFile size 31101M (AvailPageFile size 38M)
current process WorkingSet (physical memory assigned to process): 11M, peak: 11M
current process commit charge ("private bytes"): 60M, peak: 178M

vm_info: OpenJDK 64-Bit Server VM (14.0.2+12) for windows-amd64 JRE (14.0.2+12), built on Jul 20 2020 10:20:50 by "" with MS VC++ 15.9 (VS2017)

END.
